p/objeto_167.jpg 1 0 0 38 46
p/objeto_166.jpg 1 0 0 38 46
p/objeto_165.jpg 1 0 0 38 46
p/objeto_164.jpg 1 0 0 38 46
p/objeto_163.jpg 1 0 0 38 46
p/objeto_162.jpg 1 0 0 38 46
p/objeto_161.jpg 1 0 0 38 46
p/objeto_160.jpg 1 0 0 38 46
p/objeto_159.jpg 1 0 0 38 46
p/objeto_158.jpg 1 0 0 38 46
p/objeto_157.jpg 1 0 0 38 46
p/objeto_156.jpg 1 0 0 38 46
p/objeto_155.jpg 1 0 0 38 46
p/objeto_154.jpg 1 0 0 38 46
p/objeto_153.jpg 1 0 0 38 46
p/objeto_152.jpg 1 0 0 38 46
p/objeto_151.jpg 1 0 0 38 46
p/objeto_150.jpg 1 0 0 38 46
p/objeto_149.jpg 1 0 0 38 46
p/objeto_148.jpg 1 0 0 38 46
p/objeto_147.jpg 1 0 0 38 46
p/objeto_146.jpg 1 0 0 38 46
p/objeto_145.jpg 1 0 0 38 46
p/objeto_144.jpg 1 0 0 38 46
p/objeto_143.jpg 1 0 0 38 46
p/objeto_142.jpg 1 0 0 38 46
p/objeto_141.jpg 1 0 0 38 46
p/objeto_140.jpg 1 0 0 38 46
p/objeto_139.jpg 1 0 0 38 46
p/objeto_138.jpg 1 0 0 38 46
p/objeto_137.jpg 1 0 0 38 46
p/objeto_136.jpg 1 0 0 38 46
p/objeto_135.jpg 1 0 0 38 46
p/objeto_134.jpg 1 0 0 38 46
p/objeto_133.jpg 1 0 0 38 46
p/objeto_132.jpg 1 0 0 38 46
p/objeto_131.jpg 1 0 0 38 46
p/objeto_130.jpg 1 0 0 38 46
p/objeto_129.jpg 1 0 0 38 46
p/objeto_128.jpg 1 0 0 38 46
p/objeto_127.jpg 1 0 0 38 46
p/objeto_126.jpg 1 0 0 38 46
p/objeto_125.jpg 1 0 0 38 46
p/objeto_124.jpg 1 0 0 38 46
p/objeto_123.jpg 1 0 0 38 46
p/objeto_122.jpg 1 0 0 38 46
p/objeto_121.jpg 1 0 0 38 46
p/objeto_120.jpg 1 0 0 38 46
p/objeto_119.jpg 1 0 0 38 46
p/objeto_118.jpg 1 0 0 38 46
p/objeto_117.jpg 1 0 0 38 46
p/objeto_116.jpg 1 0 0 38 46
p/objeto_115.jpg 1 0 0 38 46
p/objeto_114.jpg 1 0 0 38 46
p/objeto_113.jpg 1 0 0 38 46
p/objeto_112.jpg 1 0 0 38 46
p/objeto_111.jpg 1 0 0 38 46
p/objeto_110.jpg 1 0 0 38 46
p/objeto_109.jpg 1 0 0 38 46
p/objeto_108.jpg 1 0 0 38 46
p/objeto_107.jpg 1 0 0 38 46
p/objeto_106.jpg 1 0 0 38 46
p/objeto_105.jpg 1 0 0 38 46
p/objeto_104.jpg 1 0 0 38 46
p/objeto_103.jpg 1 0 0 38 46
p/objeto_102.jpg 1 0 0 38 46
p/objeto_101.jpg 1 0 0 38 46
p/objeto_100.jpg 1 0 0 38 46
p/objeto_99.jpg 1 0 0 38 46
p/objeto_98.jpg 1 0 0 38 46
p/objeto_97.jpg 1 0 0 38 46
p/objeto_96.jpg 1 0 0 38 46
p/objeto_95.jpg 1 0 0 38 46
p/objeto_94.jpg 1 0 0 38 46
p/objeto_93.jpg 1 0 0 38 46
p/objeto_92.jpg 1 0 0 38 46
p/objeto_91.jpg 1 0 0 38 46
p/objeto_90.jpg 1 0 0 38 46
p/objeto_89.jpg 1 0 0 38 46
p/objeto_88.jpg 1 0 0 38 46
p/objeto_87.jpg 1 0 0 38 46
p/objeto_86.jpg 1 0 0 38 46
p/objeto_85.jpg 1 0 0 38 46
p/objeto_84.jpg 1 0 0 38 46
p/objeto_83.jpg 1 0 0 38 46
p/objeto_82.jpg 1 0 0 38 46
p/objeto_81.jpg 1 0 0 38 46
p/objeto_80.jpg 1 0 0 38 46
p/objeto_79.jpg 1 0 0 38 46
p/objeto_78.jpg 1 0 0 38 46
p/objeto_77.jpg 1 0 0 38 46
p/objeto_76.jpg 1 0 0 38 46
p/objeto_75.jpg 1 0 0 38 46
p/objeto_74.jpg 1 0 0 38 46
p/objeto_73.jpg 1 0 0 38 46
p/objeto_72.jpg 1 0 0 38 46
p/objeto_71.jpg 1 0 0 38 46
p/objeto_70.jpg 1 0 0 38 46
p/objeto_69.jpg 1 0 0 38 46
p/objeto_68.jpg 1 0 0 38 46
p/objeto_67.jpg 1 0 0 38 46
p/objeto_66.jpg 1 0 0 38 46
p/objeto_65.jpg 1 0 0 38 46
p/objeto_64.jpg 1 0 0 38 46
p/objeto_63.jpg 1 0 0 38 46
p/objeto_62.jpg 1 0 0 38 46
p/objeto_61.jpg 1 0 0 38 46
p/objeto_60.jpg 1 0 0 38 46
p/objeto_59.jpg 1 0 0 38 46
p/objeto_58.jpg 1 0 0 38 46
p/objeto_57.jpg 1 0 0 38 46
p/objeto_56.jpg 1 0 0 38 46
p/objeto_55.jpg 1 0 0 38 46
p/objeto_54.jpg 1 0 0 38 46
p/objeto_53.jpg 1 0 0 38 46
p/objeto_52.jpg 1 0 0 38 46
p/objeto_51.jpg 1 0 0 38 46
p/objeto_50.jpg 1 0 0 38 46
p/objeto_49.jpg 1 0 0 38 46
p/objeto_48.jpg 1 0 0 38 46
p/objeto_47.jpg 1 0 0 38 46
p/objeto_46.jpg 1 0 0 38 46
p/objeto_45.jpg 1 0 0 38 46
p/objeto_44.jpg 1 0 0 38 46
p/objeto_43.jpg 1 0 0 38 46
p/objeto_42.jpg 1 0 0 38 46
p/objeto_41.jpg 1 0 0 38 46
p/objeto_40.jpg 1 0 0 38 46
p/objeto_39.jpg 1 0 0 38 46
p/objeto_38.jpg 1 0 0 38 46
p/objeto_37.jpg 1 0 0 38 46
p/objeto_36.jpg 1 0 0 38 46
p/objeto_35.jpg 1 0 0 38 46
p/objeto_34.jpg 1 0 0 38 46
p/objeto_33.jpg 1 0 0 38 46
p/objeto_32.jpg 1 0 0 38 46
p/objeto_31.jpg 1 0 0 38 46
p/objeto_30.jpg 1 0 0 38 46
p/objeto_29.jpg 1 0 0 38 46
p/objeto_28.jpg 1 0 0 38 46
p/objeto_27.jpg 1 0 0 38 46
p/objeto_26.jpg 1 0 0 38 46
p/objeto_25.jpg 1 0 0 38 46
p/objeto_24.jpg 1 0 0 38 46
p/objeto_23.jpg 1 0 0 38 46
p/objeto_22.jpg 1 0 0 38 46
p/objeto_21.jpg 1 0 0 38 46
p/objeto_20.jpg 1 0 0 38 46
p/objeto_19.jpg 1 0 0 38 46
p/objeto_18.jpg 1 0 0 38 46
p/objeto_17.jpg 1 0 0 38 46
p/objeto_16.jpg 1 0 0 38 46
p/objeto_15.jpg 1 0 0 38 46
p/objeto_14.jpg 1 0 0 38 46
p/objeto_13.jpg 1 0 0 38 46
p/objeto_12.jpg 1 0 0 38 46
p/objeto_11.jpg 1 0 0 38 46
p/objeto_10.jpg 1 0 0 38 46
p/objeto_9.jpg 1 0 0 38 46
p/objeto_8.jpg 1 0 0 38 46
p/objeto_7.jpg 1 0 0 38 46
p/objeto_6.jpg 1 0 0 38 46
p/objeto_5.jpg 1 0 0 38 46
p/objeto_4.jpg 1 0 0 38 46
p/objeto_3.jpg 1 0 0 38 46
p/objeto_2.jpg 1 0 0 38 46
p/objeto_1.jpg 1 0 0 38 46
p/objeto_0.jpg 1 0 0 38 46